<?xml version="1.0" encoding="UTF-8"?>
<testng-results skipped="0" failed="0" ignored="0" total="0" passed="0">
  <reporter-output>
  </reporter-output>
  <suite name="Suite" duration-ms="6" started-at="2022-06-16T16:25:41 SGT" finished-at="2022-06-16T16:25:41 SGT">
    <groups>
    </groups>
    <test name="Phase2-SwiggyApp" duration-ms="6" started-at="2022-06-16T16:25:41 SGT" finished-at="2022-06-16T16:25:41 SGT">
    </test> <!-- Phase2-SwiggyApp -->
  </suite> <!-- Suite -->
</testng-results>
